<?xml version="1.0" encoding="UTF-8"?>
<!-- Generated by org.testng.reporters.JUnitReportReporter -->
<testsuite hostname="SVRODK00054" name="tests.HomeTest" tests="2" failures="0" timestamp="2 Aug 2018 13:54:54 GMT" time="5.854" errors="0">
  <testcase name="navigateToHomeTest" time="4.726" classname="tests.HomeTest"/>
  <testcase name="navigateToDemoTabsTest" time="1.128" classname="tests.HomeTest"/>
</testsuite> <!-- tests.HomeTest -->
